<?xml version="1.0" encoding="UTF-8"?>
<!-- Generated by org.testng.reporters.JUnitXMLReporter -->
<testsuite ignored="4" hostname="DESKTOP-P6NGEVN" failures="0" tests="3" name="Test" time="107.563" errors="0" timestamp="2023-03-29T14:35:45 IST">
  <testcase classname="practise.CreateNewOrgTest" name="createOrganisationTest" time="19.276"/>
  <testcase classname="practise.CreateContactTest" name="createContactTest" time="17.481"/>
  <testcase classname="practise.CreateOrgWithIndustryandType_Test" name="createOrgWithIndustryandtype" time="19.453"/>
  <testcase classname="vTigerGenericUtility.BaseClass" name="@AfterSuite asConfig" time="0.0">
    <ignored/>
  </testcase> <!-- @AfterSuite asConfig -->
  <testcase classname="vTigerGenericUtility.BaseClass" name="@AfterSuite asConfig" time="0.0">
    <ignored/>
  </testcase> <!-- @AfterSuite asConfig -->
  <testcase classname="vTigerGenericUtility.BaseClass" name="@BeforeSuite bsConfig" time="0.0">
    <ignored/>
  </testcase> <!-- @BeforeSuite bsConfig -->
  <testcase classname="vTigerGenericUtility.BaseClass" name="@BeforeSuite bsConfig" time="0.0">
    <ignored/>
  </testcase> <!-- @BeforeSuite bsConfig -->
</testsuite> <!-- Test -->
