<?xml version="1.0" encoding="UTF-8"?>
<testng-results ignored="0" total="1" passed="1" failed="0" skipped="0">
  <reporter-output>
  </reporter-output>
  <suite started-at="2023-03-30T13:38:56 IST" name="Default suite" finished-at="2023-03-30T13:39:55 IST" duration-ms="59164">
    <groups>
      <group name="SmokeSuite">
        <method signature="CreateContactTest.createContactTest()[pri:0, instance:practise.CreateContactTest@3012646b]" name="createContactTest" class="practise.CreateContactTest"/>
      </group> <!-- SmokeSuite -->
    </groups>
    <test started-at="2023-03-30T13:38:56 IST" name="Default test" finished-at="2023-03-30T13:39:55 IST" duration-ms="59164">
      <class name="practise.CreateContactTest">
        <test-method is-config="true" signature="bsConfig()[pri:0, instance:practise.CreateContactTest@3012646b]" started-at="2023-03-30T13:38:56 IST" name="bsConfig" finished-at="2023-03-30T13:38:56 IST" duration-ms="16" status="PASS">
          <reporter-output>
          </reporter-output>
        </test-method> <!-- bsConfig -->
        <test-method is-config="true" signature="bcConfig()[pri:0, instance:practise.CreateContactTest@3012646b]" started-at="2023-03-30T13:38:57 IST" name="bcConfig" finished-at="2023-03-30T13:39:07 IST" duration-ms="9683" status="PASS">
          <reporter-output>
          </reporter-output>
        </test-method> <!-- bcConfig -->
        <test-method is-config="true" signature="bmConfig()[pri:0, instance:practise.CreateContactTest@3012646b]" started-at="2023-03-30T13:39:07 IST" name="bmConfig" finished-at="2023-03-30T13:39:16 IST" duration-ms="9005" status="PASS">
          <reporter-output>
          </reporter-output>
        </test-method> <!-- bmConfig -->
        <test-method signature="createContactTest()[pri:0, instance:practise.CreateContactTest@3012646b]" started-at="2023-03-30T13:39:16 IST" name="createContactTest" finished-at="2023-03-30T13:39:45 IST" duration-ms="29313" status="PASS">
          <reporter-output>
          </reporter-output>
        </test-method> <!-- createContactTest -->
        <test-method is-config="true" signature="amConfig()[pri:0, instance:practise.CreateContactTest@3012646b]" started-at="2023-03-30T13:39:45 IST" name="amConfig" finished-at="2023-03-30T13:39:55 IST" duration-ms="9788" status="PASS">
          <reporter-output>
          </reporter-output>
        </test-method> <!-- amConfig -->
        <test-method is-config="true" signature="acConfig()[pri:0, instance:practise.CreateContactTest@3012646b]" started-at="2023-03-30T13:39:55 IST" name="acConfig" finished-at="2023-03-30T13:39:55 IST" duration-ms="574" status="PASS">
          <reporter-output>
          </reporter-output>
        </test-method> <!-- acConfig -->
        <test-method is-config="true" signature="asConfig()[pri:0, instance:practise.CreateContactTest@3012646b]" started-at="2023-03-30T13:39:57 IST" name="asConfig" finished-at="2023-03-30T13:39:57 IST" duration-ms="6" status="PASS">
          <reporter-output>
          </reporter-output>
        </test-method> <!-- asConfig -->
      </class> <!-- practise.CreateContactTest -->
    </test> <!-- Default test -->
  </suite> <!-- Default suite -->
</testng-results>
